<?xml version="1.0" encoding="UTF-8"?>
<!-- Generated by org.testng.reporters.JUnitReportReporter -->
<testsuite skipped="0" hostname="E0443121" name="testRunner.TestRunner" tests="1" failures="0" timestamp="04 Apr 2019 14:16:14 GMT" time="37.919" errors="0">
  <testcase name="feature" time="37.919" classname="testRunner.TestRunner"/>
</testsuite> <!-- testRunner.TestRunner -->
