<?xml version="1.0" encoding="UTF-8"?>
<!-- Generated by org.testng.reporters.JUnitReportReporter -->
<testsuite skipped="0" hostname="DESKTOP-0JJFGDT" name="testRunner.TestRunner" tests="1" failures="0" timestamp="31 Mar 2019 17:34:40 GMT" time="15.983" errors="0">
  <testcase name="feature" time="15.983" classname="testRunner.TestRunner"/>
</testsuite> <!-- testRunner.TestRunner -->
